C:\Users\poce\Desktop\Bari\Bari\BancoBari\BancoBari.Repository\AWSRepository\AwsContext.cs
SQSClient 15
SQSClient 0

C:\Users\poce\Desktop\Bari\Bari\BancoBari\BancoBari.Repository\AWSRepository\AWSRepository.cs
GetSqs 3
GetSqs 0
SetSQS 4
SetSQS 0

C:\Users\poce\Desktop\Bari\Bari\BancoBari\BancoBari.Repository\AWSRepository\Interface\IAwsRepository.cs
GetSqs 6
GetSqs 0
SetSQS 4
SetSQS 0

C:\Users\poce\Desktop\Bari\Bari\BancoBari\BancoBari.Repository\Repository\Interfaces\IMessageRepository.cs
SaveMessage 4
SaveMessage 0
GetMessage 4
GetMessage 0

C:\Users\poce\Desktop\Bari\Bari\BancoBari\BancoBari.Repository\Repository\MessageRepository.cs
SaveMessage 5
SaveMessage 0
GetMessage 4
GetMessage 15

C:\Users\poce\AppData\Local\Temp\.NETCoreApp,Version=v3.1.AssemblyAttributes.cs

C:\Users\poce\Desktop\Bari\Bari\BancoBari\BancoBari.Repository\obj\Debug\netcoreapp3.1\BancoBari.Repository.AssemblyInfo.cs

